<?xml version="1.0" encoding="UTF-8"?>
<!-- Generated by org.testng.reporters.JUnitReportReporter -->
<testsuite hostname="KARTHICK" name="com.deasliwant.admin.tests.FindWork" tests="4" failures="0" timestamp="19 Aug 2021 17:09:02 GMT" time="10.419" errors="0">
  <testcase name="verifyStudioDetails" time="4.150" classname="com.deasliwant.admin.tests.FindWork"/>
  <testcase name="verifyCategoryListing" time="0.230" classname="com.deasliwant.admin.tests.FindWork"/>
  <testcase name="verifySearchResultTitleAndDistance" time="5.565" classname="com.deasliwant.admin.tests.FindWork"/>
  <testcase name="getBusinessHours" time="0.474" classname="com.deasliwant.admin.tests.FindWork"/>
</testsuite> <!-- com.deasliwant.admin.tests.FindWork -->
